::1 - - [11/Jan/2025:19:54:23 +0000] "POST /api/leaderboard/createscore HTTP/1.1" 200 40
::1 - - [11/Jan/2025:19:54:59 +0000] "POST /api/leaderboard/createscore HTTP/1.1" 200 40
::1 - - [11/Jan/2025:20:10:32 +0000] "POST /api/leaderboard/createscore HTTP/1.1" 500 2
::1 - - [11/Jan/2025:20:10:37 +0000] "POST /api/leaderboard/createscore HTTP/1.1" 500 2
::1 - - [11/Jan/2025:20:11:39 +0000] "POST /api/user/login HTTP/1.1" 200 384
::1 - - [11/Jan/2025:20:13:06 +0000] "POST /api/leaderboard/createscore HTTP/1.1" 200 2
::1 - - [11/Jan/2025:20:15:20 +0000] "POST /api/leaderboard/createscore HTTP/1.1" 200 12
::1 - - [11/Jan/2025:20:19:12 +0000] "POST /api/leaderboard/createscore HTTP/1.1" 200 12
::1 - - [11/Jan/2025:20:20:58 +0000] "POST /api/leaderboard/createscore HTTP/1.1" 200 30
::1 - - [11/Jan/2025:20:22:14 +0000] "POST /api/leaderboard/createscore HTTP/1.1" 500 30
::1 - - [11/Jan/2025:20:24:23 +0000] "POST /api/leaderboard/createscore HTTP/1.1" 500 -
::1 - - [11/Jan/2025:20:25:11 +0000] "POST /api/leaderboard/createscore HTTP/1.1" 500 -
::1 - - [11/Jan/2025:20:26:03 +0000] "POST /api/leaderboard/createscore HTTP/1.1" 500 30
::1 - - [11/Jan/2025:20:26:15 +0000] "POST /api/leaderboard/createscore HTTP/1.1" 500 30
::1 - - [11/Jan/2025:20:26:30 +0000] "POST /api/leaderboard/createscore HTTP/1.1" 500 30
::1 - - [11/Jan/2025:20:27:59 +0000] "POST /api/leaderboard/createscore HTTP/1.1" 500 30
::1 - - [11/Jan/2025:20:28:03 +0000] "POST /api/user/login HTTP/1.1" 200 384
::1 - - [11/Jan/2025:20:28:35 +0000] "POST /api/leaderboard/createscore HTTP/1.1" 500 30
::1 - - [11/Jan/2025:20:29:48 +0000] "POST /api/user/login HTTP/1.1" 200 384
::1 - - [11/Jan/2025:20:31:35 +0000] "POST /api/user/login HTTP/1.1" 200 418
::1 - - [11/Jan/2025:20:31:49 +0000] "POST /api/leaderboard/createscore HTTP/1.1" 200 35
::1 - - [11/Jan/2025:20:32:51 +0000] "GET /api/leaderboard/get/1 HTTP/1.1" 200 71
::1 - - [11/Jan/2025:20:40:35 +0000] "GET /api/leaderboard/get/1?start=0&end=-1 HTTP/1.1" 500 55
::1 - - [11/Jan/2025:20:41:18 +0000] "GET /api/leaderboard/get/1?start=0&end=-1 HTTP/1.1" 500 55
::1 - - [11/Jan/2025:20:41:44 +0000] "GET /api/leaderboard/get/1?start=0&end=-1 HTTP/1.1" 200 71
::1 - - [11/Jan/2025:20:41:51 +0000] "GET /api/leaderboard/get/1?start=0&end=2 HTTP/1.1" 200 71
::1 - - [11/Jan/2025:20:41:55 +0000] "GET /api/leaderboard/get/1?start=1&end=2 HTTP/1.1" 200 36
::1 - - [11/Jan/2025:20:42:19 +0000] "GET /api/leaderboard/get/1 HTTP/1.1" 500 55
::1 - - [11/Jan/2025:20:43:19 +0000] "GET /api/leaderboard/get/1 HTTP/1.1" 200 71
::1 - - [12/Jan/2025:07:30:43 +0000] "GET /api/leaderboard/get-details/1 HTTP/1.1" 200 163
::1 - - [12/Jan/2025:07:38:44 +0000] "POST /api/user/login HTTP/1.1" 200 418
::1 - - [12/Jan/2025:07:52:37 +0000] "POST /api/user/register HTTP/1.1" 200 2
::1 - - [12/Jan/2025:07:52:38 +0000] "POST /api/user/register HTTP/1.1" 200 2
::1 - - [12/Jan/2025:07:52:39 +0000] "POST /api/user/register HTTP/1.1" 200 2
::1 - - [12/Jan/2025:07:52:40 +0000] "POST /api/user/register HTTP/1.1" 200 2
::1 - - [12/Jan/2025:07:52:41 +0000] "POST /api/user/register HTTP/1.1" 200 2
::1 - - [12/Jan/2025:07:52:42 +0000] "POST /api/user/register HTTP/1.1" 200 2
::1 - - [12/Jan/2025:07:52:43 +0000] "POST /api/user/register HTTP/1.1" 200 2
::1 - - [12/Jan/2025:07:52:43 +0000] "POST /api/user/register HTTP/1.1" 200 2
::1 - - [12/Jan/2025:07:52:44 +0000] "POST /api/user/register HTTP/1.1" 200 2
::1 - - [12/Jan/2025:07:52:45 +0000] "POST /api/user/register HTTP/1.1" 200 2
::1 - - [12/Jan/2025:07:52:46 +0000] "POST /api/user/register HTTP/1.1" 200 2
::1 - - [12/Jan/2025:07:52:47 +0000] "POST /api/user/register HTTP/1.1" 200 2
::1 - - [12/Jan/2025:07:52:48 +0000] "POST /api/user/register HTTP/1.1" 200 2
::1 - - [12/Jan/2025:07:52:49 +0000] "POST /api/user/register HTTP/1.1" 200 2
::1 - - [12/Jan/2025:07:52:50 +0000] "POST /api/user/register HTTP/1.1" 200 2
::1 - - [12/Jan/2025:07:52:51 +0000] "POST /api/user/login HTTP/1.1" 200 444
::1 - - [12/Jan/2025:07:52:51 +0000] "POST /api/user/login HTTP/1.1" 200 444
::1 - - [12/Jan/2025:07:52:52 +0000] "POST /api/user/login HTTP/1.1" 200 444
::1 - - [12/Jan/2025:07:52:53 +0000] "POST /api/user/login HTTP/1.1" 200 444
::1 - - [12/Jan/2025:07:52:53 +0000] "POST /api/user/login HTTP/1.1" 200 444
::1 - - [12/Jan/2025:07:52:54 +0000] "POST /api/user/login HTTP/1.1" 200 444
::1 - - [12/Jan/2025:07:52:55 +0000] "POST /api/user/login HTTP/1.1" 200 444
::1 - - [12/Jan/2025:07:52:55 +0000] "POST /api/user/login HTTP/1.1" 200 447
::1 - - [12/Jan/2025:07:52:56 +0000] "POST /api/user/login HTTP/1.1" 200 447
::1 - - [12/Jan/2025:07:52:57 +0000] "POST /api/user/login HTTP/1.1" 200 452
::1 - - [12/Jan/2025:07:52:57 +0000] "POST /api/user/login HTTP/1.1" 200 452
::1 - - [12/Jan/2025:07:52:58 +0000] "POST /api/user/login HTTP/1.1" 200 452
::1 - - [12/Jan/2025:07:52:59 +0000] "POST /api/user/login HTTP/1.1" 200 452
::1 - - [12/Jan/2025:07:53:00 +0000] "POST /api/user/login HTTP/1.1" 200 452
::1 - - [12/Jan/2025:07:53:00 +0000] "POST /api/user/login HTTP/1.1" 200 452
::1 - - [12/Jan/2025:07:53:00 +0000] "POST /api/leaderboard/createscore HTTP/1.1" 500 -
::1 - - [12/Jan/2025:07:53:00 +0000] "POST /api/leaderboard/createscore HTTP/1.1" 500 -
::1 - - [12/Jan/2025:07:53:00 +0000] "POST /api/leaderboard/createscore HTTP/1.1" 500 -
::1 - - [12/Jan/2025:07:53:00 +0000] "POST /api/leaderboard/createscore HTTP/1.1" 500 -
::1 - - [12/Jan/2025:07:53:00 +0000] "POST /api/leaderboard/createscore HTTP/1.1" 500 -
::1 - - [12/Jan/2025:07:53:00 +0000] "POST /api/leaderboard/createscore HTTP/1.1" 500 -
::1 - - [12/Jan/2025:07:53:00 +0000] "POST /api/leaderboard/createscore HTTP/1.1" 500 -
::1 - - [12/Jan/2025:07:53:01 +0000] "POST /api/leaderboard/createscore HTTP/1.1" 500 -
::1 - - [12/Jan/2025:07:53:01 +0000] "POST /api/leaderboard/createscore HTTP/1.1" 500 -
::1 - - [12/Jan/2025:07:53:01 +0000] "POST /api/leaderboard/createscore HTTP/1.1" 500 -
::1 - - [12/Jan/2025:07:53:01 +0000] "POST /api/leaderboard/createscore HTTP/1.1" 500 -
::1 - - [12/Jan/2025:07:53:01 +0000] "POST /api/leaderboard/createscore HTTP/1.1" 500 -
::1 - - [12/Jan/2025:07:53:01 +0000] "POST /api/leaderboard/createscore HTTP/1.1" 500 -
::1 - - [12/Jan/2025:07:53:01 +0000] "POST /api/leaderboard/createscore HTTP/1.1" 500 -
::1 - - [12/Jan/2025:07:53:01 +0000] "POST /api/leaderboard/createscore HTTP/1.1" 500 -
::1 - - [12/Jan/2025:07:54:42 +0000] "POST /api/user/register HTTP/1.1" 500 -
::1 - - [12/Jan/2025:07:54:43 +0000] "POST /api/user/register HTTP/1.1" 500 -
::1 - - [12/Jan/2025:07:54:44 +0000] "POST /api/user/register HTTP/1.1" 500 -
::1 - - [12/Jan/2025:07:54:44 +0000] "POST /api/user/register HTTP/1.1" 500 -
::1 - - [12/Jan/2025:07:54:45 +0000] "POST /api/user/register HTTP/1.1" 500 -
::1 - - [12/Jan/2025:07:54:45 +0000] "POST /api/user/register HTTP/1.1" 500 -
::1 - - [12/Jan/2025:07:54:46 +0000] "POST /api/user/register HTTP/1.1" 500 -
::1 - - [12/Jan/2025:07:54:47 +0000] "POST /api/user/register HTTP/1.1" 500 -
::1 - - [12/Jan/2025:07:54:47 +0000] "POST /api/user/register HTTP/1.1" 500 -
::1 - - [12/Jan/2025:07:54:48 +0000] "POST /api/user/register HTTP/1.1" 500 -
::1 - - [12/Jan/2025:07:54:48 +0000] "POST /api/user/register HTTP/1.1" 500 -
::1 - - [12/Jan/2025:07:54:49 +0000] "POST /api/user/register HTTP/1.1" 500 -
::1 - - [12/Jan/2025:07:54:50 +0000] "POST /api/user/register HTTP/1.1" 500 -
::1 - - [12/Jan/2025:07:54:50 +0000] "POST /api/user/register HTTP/1.1" 500 -
::1 - - [12/Jan/2025:07:54:51 +0000] "POST /api/user/register HTTP/1.1" - -
::1 - - [12/Jan/2025:07:58:33 +0000] "POST /api/user/register HTTP/1.1" 200 2
::1 - - [12/Jan/2025:07:58:34 +0000] "POST /api/user/register HTTP/1.1" 200 2
::1 - - [12/Jan/2025:07:58:35 +0000] "POST /api/user/register HTTP/1.1" 200 2
::1 - - [12/Jan/2025:07:58:36 +0000] "POST /api/user/register HTTP/1.1" 200 2
::1 - - [12/Jan/2025:07:58:37 +0000] "POST /api/user/register HTTP/1.1" 200 2
::1 - - [12/Jan/2025:07:58:38 +0000] "POST /api/user/register HTTP/1.1" 200 2
::1 - - [12/Jan/2025:07:58:39 +0000] "POST /api/user/register HTTP/1.1" 200 2
::1 - - [12/Jan/2025:07:58:40 +0000] "POST /api/user/register HTTP/1.1" 200 2
::1 - - [12/Jan/2025:07:58:41 +0000] "POST /api/user/register HTTP/1.1" 200 2
::1 - - [12/Jan/2025:07:58:41 +0000] "POST /api/user/register HTTP/1.1" 200 2
::1 - - [12/Jan/2025:07:58:42 +0000] "POST /api/user/register HTTP/1.1" 200 2
::1 - - [12/Jan/2025:07:58:43 +0000] "POST /api/user/register HTTP/1.1" 200 2
::1 - - [12/Jan/2025:07:58:44 +0000] "POST /api/user/register HTTP/1.1" 200 2
::1 - - [12/Jan/2025:07:58:45 +0000] "POST /api/user/register HTTP/1.1" 200 2
::1 - - [12/Jan/2025:07:58:46 +0000] "POST /api/user/register HTTP/1.1" 200 2
::1 - - [12/Jan/2025:07:58:47 +0000] "POST /api/user/login HTTP/1.1" 200 444
::1 - - [12/Jan/2025:07:58:47 +0000] "POST /api/user/login HTTP/1.1" 200 444
::1 - - [12/Jan/2025:07:58:48 +0000] "POST /api/user/login HTTP/1.1" 200 444
::1 - - [12/Jan/2025:07:58:48 +0000] "POST /api/user/login HTTP/1.1" 200 444
::1 - - [12/Jan/2025:07:58:49 +0000] "POST /api/user/login HTTP/1.1" 200 444
::1 - - [12/Jan/2025:07:58:50 +0000] "POST /api/user/login HTTP/1.1" 200 444
::1 - - [12/Jan/2025:07:58:51 +0000] "POST /api/user/login HTTP/1.1" 200 444
::1 - - [12/Jan/2025:07:58:51 +0000] "POST /api/user/login HTTP/1.1" 200 444
::1 - - [12/Jan/2025:07:58:52 +0000] "POST /api/user/login HTTP/1.1" 200 444
::1 - - [12/Jan/2025:07:58:52 +0000] "POST /api/user/login HTTP/1.1" 200 452
::1 - - [12/Jan/2025:07:58:53 +0000] "POST /api/user/login HTTP/1.1" 200 452
::1 - - [12/Jan/2025:07:58:54 +0000] "POST /api/user/login HTTP/1.1" 200 452
::1 - - [12/Jan/2025:07:58:54 +0000] "POST /api/user/login HTTP/1.1" 200 452
::1 - - [12/Jan/2025:07:58:55 +0000] "POST /api/user/login HTTP/1.1" 200 452
::1 - - [12/Jan/2025:07:58:56 +0000] "POST /api/user/login HTTP/1.1" 200 452
::1 - - [12/Jan/2025:07:58:56 +0000] "POST /api/leaderboard/createscore HTTP/1.1" 200 33
::1 - - [12/Jan/2025:07:58:56 +0000] "POST /api/leaderboard/createscore HTTP/1.1" 200 33
::1 - - [12/Jan/2025:07:58:56 +0000] "POST /api/leaderboard/createscore HTTP/1.1" 200 33
::1 - - [12/Jan/2025:07:58:57 +0000] "POST /api/leaderboard/createscore HTTP/1.1" 200 33
::1 - - [12/Jan/2025:07:58:57 +0000] "POST /api/leaderboard/createscore HTTP/1.1" 200 33
::1 - - [12/Jan/2025:07:58:57 +0000] "POST /api/leaderboard/createscore HTTP/1.1" 200 33
::1 - - [12/Jan/2025:07:58:57 +0000] "POST /api/leaderboard/createscore HTTP/1.1" 200 33
::1 - - [12/Jan/2025:07:58:58 +0000] "POST /api/leaderboard/createscore HTTP/1.1" 200 33
::1 - - [12/Jan/2025:07:58:58 +0000] "POST /api/leaderboard/createscore HTTP/1.1" 200 33
::1 - - [12/Jan/2025:07:58:58 +0000] "POST /api/leaderboard/createscore HTTP/1.1" 200 34
::1 - - [12/Jan/2025:07:58:59 +0000] "POST /api/leaderboard/createscore HTTP/1.1" 200 34
::1 - - [12/Jan/2025:07:58:59 +0000] "POST /api/leaderboard/createscore HTTP/1.1" 200 34
::1 - - [12/Jan/2025:07:58:59 +0000] "POST /api/leaderboard/createscore HTTP/1.1" 200 34
::1 - - [12/Jan/2025:07:59:00 +0000] "POST /api/leaderboard/createscore HTTP/1.1" 200 34
::1 - - [12/Jan/2025:07:59:00 +0000] "POST /api/leaderboard/createscore HTTP/1.1" 200 34
::1 - - [12/Jan/2025:09:19:00 +0000] "POST /api/user/register HTTP/1.1" 200 2
::1 - - [12/Jan/2025:09:19:00 +0000] "POST /api/user/register HTTP/1.1" 200 2
::1 - - [12/Jan/2025:09:19:00 +0000] "POST /api/user/register HTTP/1.1" 200 2
::1 - - [12/Jan/2025:09:19:00 +0000] "POST /api/user/register HTTP/1.1" 200 2
::1 - - [12/Jan/2025:09:19:00 +0000] "POST /api/user/register HTTP/1.1" 200 2
::1 - - [12/Jan/2025:09:19:00 +0000] "POST /api/user/register HTTP/1.1" 200 2
::1 - - [12/Jan/2025:09:19:00 +0000] "POST /api/user/register HTTP/1.1" 200 2
::1 - - [12/Jan/2025:09:19:00 +0000] "POST /api/user/register HTTP/1.1" 200 2
::1 - - [12/Jan/2025:09:19:00 +0000] "POST /api/user/register HTTP/1.1" 200 2
::1 - - [12/Jan/2025:09:19:00 +0000] "POST /api/user/register HTTP/1.1" 200 2
::1 - - [12/Jan/2025:09:19:01 +0000] "POST /api/user/register HTTP/1.1" 200 2
::1 - - [12/Jan/2025:09:19:01 +0000] "POST /api/user/register HTTP/1.1" 200 2
::1 - - [12/Jan/2025:09:19:01 +0000] "POST /api/user/register HTTP/1.1" 200 2
::1 - - [12/Jan/2025:09:19:01 +0000] "POST /api/user/register HTTP/1.1" 200 2
::1 - - [12/Jan/2025:09:19:01 +0000] "POST /api/user/register HTTP/1.1" 200 2
::1 - - [12/Jan/2025:09:19:01 +0000] "POST /api/user/login HTTP/1.1" 500 -
::1 - - [12/Jan/2025:09:19:01 +0000] "POST /api/user/login HTTP/1.1" 500 -
::1 - - [12/Jan/2025:09:19:01 +0000] "POST /api/user/login HTTP/1.1" 500 -
::1 - - [12/Jan/2025:09:19:01 +0000] "POST /api/user/login HTTP/1.1" 500 -
::1 - - [12/Jan/2025:09:19:01 +0000] "POST /api/user/login HTTP/1.1" 500 -
::1 - - [12/Jan/2025:09:19:01 +0000] "POST /api/user/login HTTP/1.1" 500 -
::1 - - [12/Jan/2025:09:19:01 +0000] "POST /api/user/login HTTP/1.1" 500 -
::1 - - [12/Jan/2025:09:19:01 +0000] "POST /api/user/login HTTP/1.1" 500 -
::1 - - [12/Jan/2025:09:19:01 +0000] "POST /api/user/login HTTP/1.1" 500 -
::1 - - [12/Jan/2025:09:19:01 +0000] "POST /api/user/login HTTP/1.1" 500 -
::1 - - [12/Jan/2025:09:19:01 +0000] "POST /api/user/login HTTP/1.1" 500 -
::1 - - [12/Jan/2025:09:19:01 +0000] "POST /api/user/login HTTP/1.1" 500 -
::1 - - [12/Jan/2025:09:19:01 +0000] "POST /api/user/login HTTP/1.1" 500 -
::1 - - [12/Jan/2025:09:19:01 +0000] "POST /api/user/login HTTP/1.1" 500 -
::1 - - [12/Jan/2025:09:19:01 +0000] "POST /api/user/login HTTP/1.1" 500 -
::1 - - [12/Jan/2025:09:21:18 +0000] "POST /api/user/register HTTP/1.1" 200 2
::1 - - [12/Jan/2025:09:21:18 +0000] "POST /api/user/register HTTP/1.1" 200 2
::1 - - [12/Jan/2025:09:21:18 +0000] "POST /api/user/register HTTP/1.1" 200 2
::1 - - [12/Jan/2025:09:21:18 +0000] "POST /api/user/register HTTP/1.1" 200 2
::1 - - [12/Jan/2025:09:21:18 +0000] "POST /api/user/register HTTP/1.1" 200 2
::1 - - [12/Jan/2025:09:21:18 +0000] "POST /api/user/register HTTP/1.1" 200 2
::1 - - [12/Jan/2025:09:21:18 +0000] "POST /api/user/register HTTP/1.1" 200 2
::1 - - [12/Jan/2025:09:21:18 +0000] "POST /api/user/register HTTP/1.1" 200 2
::1 - - [12/Jan/2025:09:21:18 +0000] "POST /api/user/register HTTP/1.1" 200 2
::1 - - [12/Jan/2025:09:21:18 +0000] "POST /api/user/register HTTP/1.1" 200 2
::1 - - [12/Jan/2025:09:21:19 +0000] "POST /api/user/register HTTP/1.1" 200 2
::1 - - [12/Jan/2025:09:21:19 +0000] "POST /api/user/register HTTP/1.1" 200 2
::1 - - [12/Jan/2025:09:21:19 +0000] "POST /api/user/register HTTP/1.1" 200 2
::1 - - [12/Jan/2025:09:21:19 +0000] "POST /api/user/register HTTP/1.1" 200 2
::1 - - [12/Jan/2025:09:21:19 +0000] "POST /api/user/register HTTP/1.1" 200 2
::1 - - [12/Jan/2025:09:21:19 +0000] "POST /api/user/login HTTP/1.1" 200 444
::1 - - [12/Jan/2025:09:21:20 +0000] "POST /api/user/login HTTP/1.1" 200 444
::1 - - [12/Jan/2025:09:21:21 +0000] "POST /api/user/login HTTP/1.1" 200 444
::1 - - [12/Jan/2025:09:21:21 +0000] "POST /api/user/login HTTP/1.1" 200 444
::1 - - [12/Jan/2025:09:21:22 +0000] "POST /api/user/login HTTP/1.1" 200 444
::1 - - [12/Jan/2025:09:21:22 +0000] "POST /api/user/login HTTP/1.1" 200 444
::1 - - [12/Jan/2025:09:21:23 +0000] "POST /api/user/login HTTP/1.1" 200 444
::1 - - [12/Jan/2025:09:21:24 +0000] "POST /api/user/login HTTP/1.1" 200 444
::1 - - [12/Jan/2025:09:21:24 +0000] "POST /api/user/login HTTP/1.1" 200 444
::1 - - [12/Jan/2025:09:21:25 +0000] "POST /api/user/login HTTP/1.1" 200 444
::1 - - [12/Jan/2025:09:21:26 +0000] "POST /api/user/login HTTP/1.1" 200 448
::1 - - [12/Jan/2025:09:21:26 +0000] "POST /api/user/login HTTP/1.1" 200 448
::1 - - [12/Jan/2025:09:21:27 +0000] "POST /api/user/login HTTP/1.1" 200 448
::1 - - [12/Jan/2025:09:21:28 +0000] "POST /api/user/login HTTP/1.1" 200 448
::1 - - [12/Jan/2025:09:21:28 +0000] "POST /api/user/login HTTP/1.1" 200 448
::1 - - [12/Jan/2025:09:21:29 +0000] "POST /api/leaderboard/createscore HTTP/1.1" 200 33
::1 - - [12/Jan/2025:09:21:29 +0000] "POST /api/leaderboard/createscore HTTP/1.1" 200 33
::1 - - [12/Jan/2025:09:21:29 +0000] "POST /api/leaderboard/createscore HTTP/1.1" 200 33
::1 - - [12/Jan/2025:09:21:29 +0000] "POST /api/leaderboard/createscore HTTP/1.1" 200 33
::1 - - [12/Jan/2025:09:21:30 +0000] "POST /api/leaderboard/createscore HTTP/1.1" 200 33
::1 - - [12/Jan/2025:09:21:30 +0000] "POST /api/leaderboard/createscore HTTP/1.1" 200 33
::1 - - [12/Jan/2025:09:21:30 +0000] "POST /api/leaderboard/createscore HTTP/1.1" 200 33
::1 - - [12/Jan/2025:09:21:31 +0000] "POST /api/leaderboard/createscore HTTP/1.1" 200 33
::1 - - [12/Jan/2025:09:21:31 +0000] "POST /api/leaderboard/createscore HTTP/1.1" 200 33
::1 - - [12/Jan/2025:09:21:31 +0000] "POST /api/leaderboard/createscore HTTP/1.1" 200 33
::1 - - [12/Jan/2025:09:21:31 +0000] "POST /api/leaderboard/createscore HTTP/1.1" 200 33
::1 - - [12/Jan/2025:09:21:32 +0000] "POST /api/leaderboard/createscore HTTP/1.1" 200 33
::1 - - [12/Jan/2025:09:21:32 +0000] "POST /api/leaderboard/createscore HTTP/1.1" 200 33
::1 - - [12/Jan/2025:09:21:32 +0000] "POST /api/leaderboard/createscore HTTP/1.1" 200 33
::1 - - [12/Jan/2025:09:21:33 +0000] "POST /api/leaderboard/createscore HTTP/1.1" 200 33
::1 - - [12/Jan/2025:09:23:32 +0000] "POST /api/user/register HTTP/1.1" 200 2
::1 - - [12/Jan/2025:09:23:32 +0000] "POST /api/user/register HTTP/1.1" 200 2
::1 - - [12/Jan/2025:09:23:32 +0000] "POST /api/user/register HTTP/1.1" 200 2
::1 - - [12/Jan/2025:09:23:32 +0000] "POST /api/user/register HTTP/1.1" 200 2
::1 - - [12/Jan/2025:09:23:32 +0000] "POST /api/user/register HTTP/1.1" 200 2
::1 - - [12/Jan/2025:09:23:32 +0000] "POST /api/user/register HTTP/1.1" 200 2
::1 - - [12/Jan/2025:09:23:32 +0000] "POST /api/user/register HTTP/1.1" 200 2
::1 - - [12/Jan/2025:09:23:32 +0000] "POST /api/user/register HTTP/1.1" 200 2
::1 - - [12/Jan/2025:09:23:32 +0000] "POST /api/user/register HTTP/1.1" 200 2
::1 - - [12/Jan/2025:09:23:32 +0000] "POST /api/user/register HTTP/1.1" 200 2
::1 - - [12/Jan/2025:09:23:33 +0000] "POST /api/user/register HTTP/1.1" 200 2
::1 - - [12/Jan/2025:09:23:33 +0000] "POST /api/user/register HTTP/1.1" 200 2
::1 - - [12/Jan/2025:09:23:33 +0000] "POST /api/user/register HTTP/1.1" 200 2
::1 - - [12/Jan/2025:09:23:33 +0000] "POST /api/user/register HTTP/1.1" 200 2
::1 - - [12/Jan/2025:09:23:33 +0000] "POST /api/user/register HTTP/1.1" 200 2
::1 - - [12/Jan/2025:09:23:33 +0000] "POST /api/user/login HTTP/1.1" 200 448
::1 - - [12/Jan/2025:09:23:33 +0000] "POST /api/user/login HTTP/1.1" 200 448
::1 - - [12/Jan/2025:09:23:33 +0000] "POST /api/user/login HTTP/1.1" 200 448
::1 - - [12/Jan/2025:09:23:33 +0000] "POST /api/user/login HTTP/1.1" 200 448
::1 - - [12/Jan/2025:09:23:33 +0000] "POST /api/user/login HTTP/1.1" 200 448
::1 - - [12/Jan/2025:09:23:33 +0000] "POST /api/user/login HTTP/1.1" 200 448
::1 - - [12/Jan/2025:09:23:33 +0000] "POST /api/user/login HTTP/1.1" 200 448
::1 - - [12/Jan/2025:09:23:33 +0000] "POST /api/user/login HTTP/1.1" 200 448
::1 - - [12/Jan/2025:09:23:33 +0000] "POST /api/user/login HTTP/1.1" 200 448
::1 - - [12/Jan/2025:09:23:34 +0000] "POST /api/user/login HTTP/1.1" 200 448
::1 - - [12/Jan/2025:09:23:34 +0000] "POST /api/user/login HTTP/1.1" 200 448
::1 - - [12/Jan/2025:09:23:34 +0000] "POST /api/user/login HTTP/1.1" 200 448
::1 - - [12/Jan/2025:09:23:34 +0000] "POST /api/user/login HTTP/1.1" 200 448
::1 - - [12/Jan/2025:09:23:34 +0000] "POST /api/user/login HTTP/1.1" 200 448
::1 - - [12/Jan/2025:09:23:34 +0000] "POST /api/user/login HTTP/1.1" 200 448
::1 - - [12/Jan/2025:09:23:34 +0000] "POST /api/leaderboard/createscore HTTP/1.1" 200 33
::1 - - [12/Jan/2025:09:23:34 +0000] "POST /api/leaderboard/createscore HTTP/1.1" 200 33
::1 - - [12/Jan/2025:09:23:34 +0000] "POST /api/leaderboard/createscore HTTP/1.1" 200 32
::1 - - [12/Jan/2025:09:23:34 +0000] "POST /api/leaderboard/createscore HTTP/1.1" 200 33
::1 - - [12/Jan/2025:09:23:34 +0000] "POST /api/leaderboard/createscore HTTP/1.1" 200 33
::1 - - [12/Jan/2025:09:23:34 +0000] "POST /api/leaderboard/createscore HTTP/1.1" 200 32
::1 - - [12/Jan/2025:09:23:34 +0000] "POST /api/leaderboard/createscore HTTP/1.1" 200 33
::1 - - [12/Jan/2025:09:23:34 +0000] "POST /api/leaderboard/createscore HTTP/1.1" 200 33
::1 - - [12/Jan/2025:09:23:34 +0000] "POST /api/leaderboard/createscore HTTP/1.1" 200 33
::1 - - [12/Jan/2025:09:23:34 +0000] "POST /api/leaderboard/createscore HTTP/1.1" 200 33
::1 - - [12/Jan/2025:09:23:35 +0000] "POST /api/leaderboard/createscore HTTP/1.1" 200 33
::1 - - [12/Jan/2025:09:23:35 +0000] "POST /api/leaderboard/createscore HTTP/1.1" 200 33
::1 - - [12/Jan/2025:09:23:35 +0000] "POST /api/leaderboard/createscore HTTP/1.1" 200 33
::1 - - [12/Jan/2025:09:23:35 +0000] "POST /api/leaderboard/createscore HTTP/1.1" 200 33
::1 - - [12/Jan/2025:09:23:35 +0000] "POST /api/leaderboard/createscore HTTP/1.1" 200 33
::1 - - [12/Jan/2025:09:24:32 +0000] "POST /api/user/register HTTP/1.1" 200 2
::1 - - [12/Jan/2025:09:24:32 +0000] "POST /api/user/register HTTP/1.1" 200 2
::1 - - [12/Jan/2025:09:24:32 +0000] "POST /api/user/register HTTP/1.1" 200 2
::1 - - [12/Jan/2025:09:24:32 +0000] "POST /api/user/register HTTP/1.1" 200 2
::1 - - [12/Jan/2025:09:24:32 +0000] "POST /api/user/register HTTP/1.1" 200 2
::1 - - [12/Jan/2025:09:24:32 +0000] "POST /api/user/register HTTP/1.1" 200 2
::1 - - [12/Jan/2025:09:24:32 +0000] "POST /api/user/register HTTP/1.1" 200 2
::1 - - [12/Jan/2025:09:24:32 +0000] "POST /api/user/register HTTP/1.1" 200 2
::1 - - [12/Jan/2025:09:24:32 +0000] "POST /api/user/register HTTP/1.1" 200 2
::1 - - [12/Jan/2025:09:24:32 +0000] "POST /api/user/register HTTP/1.1" 200 2
::1 - - [12/Jan/2025:09:24:33 +0000] "POST /api/user/register HTTP/1.1" 200 2
::1 - - [12/Jan/2025:09:24:33 +0000] "POST /api/user/register HTTP/1.1" 200 2
::1 - - [12/Jan/2025:09:24:33 +0000] "POST /api/user/register HTTP/1.1" 200 2
::1 - - [12/Jan/2025:09:24:33 +0000] "POST /api/user/register HTTP/1.1" 200 2
::1 - - [12/Jan/2025:09:24:33 +0000] "POST /api/user/register HTTP/1.1" 200 2
::1 - - [12/Jan/2025:09:24:34 +0000] "POST /api/user/login HTTP/1.1" 200 448
::1 - - [12/Jan/2025:09:24:34 +0000] "POST /api/user/login HTTP/1.1" 200 448
::1 - - [12/Jan/2025:09:24:34 +0000] "POST /api/user/login HTTP/1.1" 200 448
::1 - - [12/Jan/2025:09:24:34 +0000] "POST /api/user/login HTTP/1.1" 200 448
::1 - - [12/Jan/2025:09:24:34 +0000] "POST /api/user/login HTTP/1.1" 200 448
::1 - - [12/Jan/2025:09:24:34 +0000] "POST /api/user/login HTTP/1.1" 200 448
::1 - - [12/Jan/2025:09:24:34 +0000] "POST /api/user/login HTTP/1.1" 200 448
::1 - - [12/Jan/2025:09:24:34 +0000] "POST /api/user/login HTTP/1.1" 200 448
::1 - - [12/Jan/2025:09:24:34 +0000] "POST /api/user/login HTTP/1.1" 200 448
::1 - - [12/Jan/2025:09:24:34 +0000] "POST /api/user/login HTTP/1.1" 200 448
::1 - - [12/Jan/2025:09:24:34 +0000] "POST /api/user/login HTTP/1.1" 200 448
::1 - - [12/Jan/2025:09:24:34 +0000] "POST /api/user/login HTTP/1.1" 200 448
::1 - - [12/Jan/2025:09:24:34 +0000] "POST /api/user/login HTTP/1.1" 200 448
::1 - - [12/Jan/2025:09:24:34 +0000] "POST /api/user/login HTTP/1.1" 200 448
::1 - - [12/Jan/2025:09:24:34 +0000] "POST /api/user/login HTTP/1.1" 200 448
::1 - - [12/Jan/2025:09:24:35 +0000] "POST /api/leaderboard/createscore HTTP/1.1" 200 33
::1 - - [12/Jan/2025:09:24:35 +0000] "POST /api/leaderboard/createscore HTTP/1.1" 200 33
::1 - - [12/Jan/2025:09:24:35 +0000] "POST /api/leaderboard/createscore HTTP/1.1" 200 33
::1 - - [12/Jan/2025:09:24:35 +0000] "POST /api/leaderboard/createscore HTTP/1.1" 200 33
::1 - - [12/Jan/2025:09:24:35 +0000] "POST /api/leaderboard/createscore HTTP/1.1" 200 33
::1 - - [12/Jan/2025:09:24:35 +0000] "POST /api/leaderboard/createscore HTTP/1.1" 200 31
::1 - - [12/Jan/2025:09:24:35 +0000] "POST /api/leaderboard/createscore HTTP/1.1" 200 33
::1 - - [12/Jan/2025:09:24:35 +0000] "POST /api/leaderboard/createscore HTTP/1.1" 200 33
::1 - - [12/Jan/2025:09:24:35 +0000] "POST /api/leaderboard/createscore HTTP/1.1" 200 33
::1 - - [12/Jan/2025:09:24:35 +0000] "POST /api/leaderboard/createscore HTTP/1.1" 200 32
::1 - - [12/Jan/2025:09:24:35 +0000] "POST /api/leaderboard/createscore HTTP/1.1" 200 33
::1 - - [12/Jan/2025:09:24:35 +0000] "POST /api/leaderboard/createscore HTTP/1.1" 200 33
::1 - - [12/Jan/2025:09:24:35 +0000] "POST /api/leaderboard/createscore HTTP/1.1" 200 33
::1 - - [12/Jan/2025:09:24:35 +0000] "POST /api/leaderboard/createscore HTTP/1.1" 200 33
::1 - - [12/Jan/2025:09:24:35 +0000] "POST /api/leaderboard/createscore HTTP/1.1" 200 33
::1 - - [12/Jan/2025:09:25:27 +0000] "POST /api/user/register HTTP/1.1" 200 2
::1 - - [12/Jan/2025:09:25:27 +0000] "POST /api/user/register HTTP/1.1" 200 2
::1 - - [12/Jan/2025:09:25:27 +0000] "POST /api/user/register HTTP/1.1" 200 2
::1 - - [12/Jan/2025:09:25:27 +0000] "POST /api/user/register HTTP/1.1" 200 2
::1 - - [12/Jan/2025:09:25:27 +0000] "POST /api/user/register HTTP/1.1" 200 2
::1 - - [12/Jan/2025:09:25:27 +0000] "POST /api/user/register HTTP/1.1" 200 2
::1 - - [12/Jan/2025:09:25:27 +0000] "POST /api/user/register HTTP/1.1" 200 2
::1 - - [12/Jan/2025:09:25:27 +0000] "POST /api/user/register HTTP/1.1" 200 2
::1 - - [12/Jan/2025:09:25:27 +0000] "POST /api/user/register HTTP/1.1" 200 2
::1 - - [12/Jan/2025:09:25:27 +0000] "POST /api/user/register HTTP/1.1" 200 2
::1 - - [12/Jan/2025:09:25:28 +0000] "POST /api/user/register HTTP/1.1" 200 2
::1 - - [12/Jan/2025:09:25:28 +0000] "POST /api/user/register HTTP/1.1" 200 2
::1 - - [12/Jan/2025:09:25:28 +0000] "POST /api/user/register HTTP/1.1" 200 2
::1 - - [12/Jan/2025:09:25:28 +0000] "POST /api/user/register HTTP/1.1" 200 2
::1 - - [12/Jan/2025:09:25:28 +0000] "POST /api/user/register HTTP/1.1" 200 2
::1 - - [12/Jan/2025:09:25:29 +0000] "POST /api/user/login HTTP/1.1" 200 448
::1 - - [12/Jan/2025:09:25:29 +0000] "POST /api/user/login HTTP/1.1" 200 448
::1 - - [12/Jan/2025:09:25:29 +0000] "POST /api/user/login HTTP/1.1" 200 448
::1 - - [12/Jan/2025:09:25:29 +0000] "POST /api/user/login HTTP/1.1" 200 448
::1 - - [12/Jan/2025:09:25:29 +0000] "POST /api/user/login HTTP/1.1" 200 448
::1 - - [12/Jan/2025:09:25:29 +0000] "POST /api/user/login HTTP/1.1" 200 448
::1 - - [12/Jan/2025:09:25:29 +0000] "POST /api/user/login HTTP/1.1" 200 448
::1 - - [12/Jan/2025:09:25:29 +0000] "POST /api/user/login HTTP/1.1" 200 448
::1 - - [12/Jan/2025:09:25:29 +0000] "POST /api/user/login HTTP/1.1" 200 448
::1 - - [12/Jan/2025:09:25:29 +0000] "POST /api/user/login HTTP/1.1" 200 448
::1 - - [12/Jan/2025:09:25:29 +0000] "POST /api/user/login HTTP/1.1" 200 448
::1 - - [12/Jan/2025:09:25:29 +0000] "POST /api/user/login HTTP/1.1" 200 448
::1 - - [12/Jan/2025:09:25:29 +0000] "POST /api/user/login HTTP/1.1" 200 448
::1 - - [12/Jan/2025:09:25:29 +0000] "POST /api/user/login HTTP/1.1" 200 448
::1 - - [12/Jan/2025:09:25:29 +0000] "POST /api/user/login HTTP/1.1" 200 448
::1 - - [12/Jan/2025:09:25:30 +0000] "POST /api/leaderboard/createscore HTTP/1.1" 200 33
::1 - - [12/Jan/2025:09:25:30 +0000] "POST /api/leaderboard/createscore HTTP/1.1" 200 33
::1 - - [12/Jan/2025:09:25:30 +0000] "POST /api/leaderboard/createscore HTTP/1.1" 200 32
::1 - - [12/Jan/2025:09:25:30 +0000] "POST /api/leaderboard/createscore HTTP/1.1" 200 33
::1 - - [12/Jan/2025:09:25:30 +0000] "POST /api/leaderboard/createscore HTTP/1.1" 200 33
::1 - - [12/Jan/2025:09:25:30 +0000] "POST /api/leaderboard/createscore HTTP/1.1" 200 33
::1 - - [12/Jan/2025:09:25:30 +0000] "POST /api/leaderboard/createscore HTTP/1.1" 200 33
::1 - - [12/Jan/2025:09:25:30 +0000] "POST /api/leaderboard/createscore HTTP/1.1" 200 33
::1 - - [12/Jan/2025:09:25:30 +0000] "POST /api/leaderboard/createscore HTTP/1.1" 200 33
::1 - - [12/Jan/2025:09:25:30 +0000] "POST /api/leaderboard/createscore HTTP/1.1" 200 33
::1 - - [12/Jan/2025:09:25:30 +0000] "POST /api/leaderboard/createscore HTTP/1.1" 200 33
::1 - - [12/Jan/2025:09:25:30 +0000] "POST /api/leaderboard/createscore HTTP/1.1" 200 33
::1 - - [12/Jan/2025:09:25:30 +0000] "POST /api/leaderboard/createscore HTTP/1.1" 200 33
::1 - - [12/Jan/2025:09:25:30 +0000] "POST /api/leaderboard/createscore HTTP/1.1" 200 33
::1 - - [12/Jan/2025:09:25:30 +0000] "POST /api/leaderboard/createscore HTTP/1.1" 200 33
::1 - - [12/Jan/2025:09:27:03 +0000] "POST /api/user/register HTTP/1.1" 200 2
::1 - - [12/Jan/2025:09:27:03 +0000] "POST /api/user/register HTTP/1.1" 200 2
::1 - - [12/Jan/2025:09:27:03 +0000] "POST /api/user/register HTTP/1.1" 200 2
::1 - - [12/Jan/2025:09:27:03 +0000] "POST /api/user/register HTTP/1.1" 200 2
::1 - - [12/Jan/2025:09:27:03 +0000] "POST /api/user/register HTTP/1.1" 200 2
::1 - - [12/Jan/2025:09:27:03 +0000] "POST /api/user/register HTTP/1.1" 200 2
::1 - - [12/Jan/2025:09:27:03 +0000] "POST /api/user/register HTTP/1.1" 200 2
::1 - - [12/Jan/2025:09:27:03 +0000] "POST /api/user/register HTTP/1.1" 200 2
::1 - - [12/Jan/2025:09:27:04 +0000] "POST /api/user/register HTTP/1.1" 200 2
::1 - - [12/Jan/2025:09:27:04 +0000] "POST /api/user/register HTTP/1.1" 200 2
::1 - - [12/Jan/2025:09:27:04 +0000] "POST /api/user/register HTTP/1.1" 200 2
::1 - - [12/Jan/2025:09:27:04 +0000] "POST /api/user/register HTTP/1.1" 200 2
::1 - - [12/Jan/2025:09:27:04 +0000] "POST /api/user/register HTTP/1.1" 200 2
::1 - - [12/Jan/2025:09:27:04 +0000] "POST /api/user/register HTTP/1.1" 200 2
::1 - - [12/Jan/2025:09:27:04 +0000] "POST /api/user/register HTTP/1.1" 200 2
::1 - - [12/Jan/2025:09:27:05 +0000] "POST /api/user/login HTTP/1.1" 200 448
::1 - - [12/Jan/2025:09:27:05 +0000] "POST /api/user/login HTTP/1.1" 200 448
::1 - - [12/Jan/2025:09:27:05 +0000] "POST /api/user/login HTTP/1.1" 200 448
::1 - - [12/Jan/2025:09:27:05 +0000] "POST /api/user/login HTTP/1.1" 200 448
::1 - - [12/Jan/2025:09:27:05 +0000] "POST /api/user/login HTTP/1.1" 200 448
::1 - - [12/Jan/2025:09:27:05 +0000] "POST /api/user/login HTTP/1.1" 200 448
::1 - - [12/Jan/2025:09:27:05 +0000] "POST /api/user/login HTTP/1.1" 200 448
::1 - - [12/Jan/2025:09:27:05 +0000] "POST /api/user/login HTTP/1.1" 200 448
::1 - - [12/Jan/2025:09:27:05 +0000] "POST /api/user/login HTTP/1.1" 200 448
::1 - - [12/Jan/2025:09:27:05 +0000] "POST /api/user/login HTTP/1.1" 200 448
::1 - - [12/Jan/2025:09:27:06 +0000] "POST /api/user/login HTTP/1.1" 200 448
::1 - - [12/Jan/2025:09:27:06 +0000] "POST /api/user/login HTTP/1.1" 200 448
::1 - - [12/Jan/2025:09:27:06 +0000] "POST /api/user/login HTTP/1.1" 200 448
::1 - - [12/Jan/2025:09:27:06 +0000] "POST /api/user/login HTTP/1.1" 200 448
::1 - - [12/Jan/2025:09:27:06 +0000] "POST /api/user/login HTTP/1.1" 200 448
::1 - - [12/Jan/2025:09:27:06 +0000] "POST /api/leaderboard/createscore HTTP/1.1" 200 33
::1 - - [12/Jan/2025:09:27:06 +0000] "POST /api/leaderboard/createscore HTTP/1.1" 200 33
::1 - - [12/Jan/2025:09:27:06 +0000] "POST /api/leaderboard/createscore HTTP/1.1" 200 33
::1 - - [12/Jan/2025:09:27:06 +0000] "POST /api/leaderboard/createscore HTTP/1.1" 200 33
::1 - - [12/Jan/2025:09:27:06 +0000] "POST /api/leaderboard/createscore HTTP/1.1" 200 32
::1 - - [12/Jan/2025:09:27:06 +0000] "POST /api/leaderboard/createscore HTTP/1.1" 200 33
::1 - - [12/Jan/2025:09:27:06 +0000] "POST /api/leaderboard/createscore HTTP/1.1" 200 33
::1 - - [12/Jan/2025:09:27:06 +0000] "POST /api/leaderboard/createscore HTTP/1.1" 200 33
::1 - - [12/Jan/2025:09:27:06 +0000] "POST /api/leaderboard/createscore HTTP/1.1" 200 33
::1 - - [12/Jan/2025:09:27:06 +0000] "POST /api/leaderboard/createscore HTTP/1.1" 200 33
::1 - - [12/Jan/2025:09:27:06 +0000] "POST /api/leaderboard/createscore HTTP/1.1" 200 33
::1 - - [12/Jan/2025:09:27:06 +0000] "POST /api/leaderboard/createscore HTTP/1.1" 200 32
::1 - - [12/Jan/2025:09:27:06 +0000] "POST /api/leaderboard/createscore HTTP/1.1" 200 33
::1 - - [12/Jan/2025:09:27:06 +0000] "POST /api/leaderboard/createscore HTTP/1.1" 200 33
::1 - - [12/Jan/2025:09:27:06 +0000] "POST /api/leaderboard/createscore HTTP/1.1" 200 33
::1 - - [12/Jan/2025:09:31:00 +0000] "POST /api/user/register HTTP/1.1" 200 2
::1 - - [12/Jan/2025:09:31:00 +0000] "POST /api/user/register HTTP/1.1" 200 2
::1 - - [12/Jan/2025:09:31:00 +0000] "POST /api/user/register HTTP/1.1" 200 2
::1 - - [12/Jan/2025:09:31:00 +0000] "POST /api/user/register HTTP/1.1" 200 2
::1 - - [12/Jan/2025:09:31:00 +0000] "POST /api/user/register HTTP/1.1" 200 2
::1 - - [12/Jan/2025:09:31:00 +0000] "POST /api/user/register HTTP/1.1" 200 2
::1 - - [12/Jan/2025:09:31:00 +0000] "POST /api/user/register HTTP/1.1" 200 2
::1 - - [12/Jan/2025:09:31:00 +0000] "POST /api/user/register HTTP/1.1" 200 2
::1 - - [12/Jan/2025:09:31:00 +0000] "POST /api/user/register HTTP/1.1" 200 2
::1 - - [12/Jan/2025:09:31:00 +0000] "POST /api/user/register HTTP/1.1" 200 2
::1 - - [12/Jan/2025:09:31:01 +0000] "POST /api/user/register HTTP/1.1" 200 2
::1 - - [12/Jan/2025:09:31:01 +0000] "POST /api/user/register HTTP/1.1" 200 2
::1 - - [12/Jan/2025:09:31:01 +0000] "POST /api/user/register HTTP/1.1" 200 2
::1 - - [12/Jan/2025:09:31:01 +0000] "POST /api/user/register HTTP/1.1" 200 2
::1 - - [12/Jan/2025:09:31:01 +0000] "POST /api/user/register HTTP/1.1" 200 2
::1 - - [12/Jan/2025:09:31:02 +0000] "POST /api/user/login HTTP/1.1" 200 448
::1 - - [12/Jan/2025:09:31:02 +0000] "POST /api/user/login HTTP/1.1" 200 448
::1 - - [12/Jan/2025:09:31:02 +0000] "POST /api/user/login HTTP/1.1" 200 448
::1 - - [12/Jan/2025:09:31:02 +0000] "POST /api/user/login HTTP/1.1" 200 448
::1 - - [12/Jan/2025:09:31:02 +0000] "POST /api/user/login HTTP/1.1" 200 448
::1 - - [12/Jan/2025:09:31:02 +0000] "POST /api/user/login HTTP/1.1" 200 448
::1 - - [12/Jan/2025:09:31:02 +0000] "POST /api/user/login HTTP/1.1" 200 448
::1 - - [12/Jan/2025:09:31:02 +0000] "POST /api/user/login HTTP/1.1" 200 448
::1 - - [12/Jan/2025:09:31:02 +0000] "POST /api/user/login HTTP/1.1" 200 448
::1 - - [12/Jan/2025:09:31:02 +0000] "POST /api/user/login HTTP/1.1" 200 448
::1 - - [12/Jan/2025:09:31:02 +0000] "POST /api/user/login HTTP/1.1" 200 448
::1 - - [12/Jan/2025:09:31:02 +0000] "POST /api/user/login HTTP/1.1" 200 448
::1 - - [12/Jan/2025:09:31:02 +0000] "POST /api/user/login HTTP/1.1" 200 448
::1 - - [12/Jan/2025:09:31:02 +0000] "POST /api/user/login HTTP/1.1" 200 448
::1 - - [12/Jan/2025:09:31:03 +0000] "POST /api/user/login HTTP/1.1" 200 448
::1 - - [12/Jan/2025:09:31:03 +0000] "POST /api/leaderboard/createscore HTTP/1.1" 200 33
::1 - - [12/Jan/2025:09:31:03 +0000] "POST /api/leaderboard/createscore HTTP/1.1" 200 33
::1 - - [12/Jan/2025:09:31:03 +0000] "POST /api/leaderboard/createscore HTTP/1.1" 200 33
::1 - - [12/Jan/2025:09:31:03 +0000] "POST /api/leaderboard/createscore HTTP/1.1" 200 33
::1 - - [12/Jan/2025:09:31:03 +0000] "POST /api/leaderboard/createscore HTTP/1.1" 200 33
::1 - - [12/Jan/2025:09:31:03 +0000] "POST /api/leaderboard/createscore HTTP/1.1" 200 33
::1 - - [12/Jan/2025:09:31:03 +0000] "POST /api/leaderboard/createscore HTTP/1.1" 200 33
::1 - - [12/Jan/2025:09:31:03 +0000] "POST /api/leaderboard/createscore HTTP/1.1" 200 33
::1 - - [12/Jan/2025:09:31:03 +0000] "POST /api/leaderboard/createscore HTTP/1.1" 200 33
::1 - - [12/Jan/2025:09:31:03 +0000] "POST /api/leaderboard/createscore HTTP/1.1" 200 33
::1 - - [12/Jan/2025:09:31:03 +0000] "POST /api/leaderboard/createscore HTTP/1.1" 200 33
::1 - - [12/Jan/2025:09:31:03 +0000] "POST /api/leaderboard/createscore HTTP/1.1" 200 33
::1 - - [12/Jan/2025:09:31:03 +0000] "POST /api/leaderboard/createscore HTTP/1.1" 200 33
::1 - - [12/Jan/2025:09:31:03 +0000] "POST /api/leaderboard/createscore HTTP/1.1" 200 33
::1 - - [12/Jan/2025:09:31:03 +0000] "POST /api/leaderboard/createscore HTTP/1.1" 200 33
::1 - - [12/Jan/2025:09:33:39 +0000] "POST /api/user/register HTTP/1.1" 200 2
::1 - - [12/Jan/2025:09:33:39 +0000] "POST /api/user/register HTTP/1.1" 200 2
::1 - - [12/Jan/2025:09:33:40 +0000] "POST /api/user/register HTTP/1.1" 200 2
::1 - - [12/Jan/2025:09:33:40 +0000] "POST /api/user/register HTTP/1.1" 200 2
::1 - - [12/Jan/2025:09:33:41 +0000] "POST /api/user/register HTTP/1.1" 200 2
::1 - - [12/Jan/2025:09:33:41 +0000] "POST /api/user/register HTTP/1.1" 200 2
::1 - - [12/Jan/2025:09:33:43 +0000] "POST /api/user/register HTTP/1.1" 200 2
::1 - - [12/Jan/2025:09:33:43 +0000] "POST /api/user/register HTTP/1.1" 200 2
::1 - - [12/Jan/2025:09:33:44 +0000] "POST /api/user/register HTTP/1.1" 200 2
::1 - - [12/Jan/2025:09:33:44 +0000] "POST /api/user/register HTTP/1.1" 200 2
::1 - - [12/Jan/2025:09:33:45 +0000] "POST /api/user/register HTTP/1.1" 200 2
::1 - - [12/Jan/2025:09:33:45 +0000] "POST /api/user/register HTTP/1.1" 200 2
::1 - - [12/Jan/2025:09:33:46 +0000] "POST /api/user/register HTTP/1.1" 200 2
::1 - - [12/Jan/2025:09:33:46 +0000] "POST /api/user/register HTTP/1.1" 200 2
::1 - - [12/Jan/2025:09:33:48 +0000] "POST /api/user/register HTTP/1.1" 200 2
::1 - - [12/Jan/2025:09:33:48 +0000] "POST /api/user/login HTTP/1.1" 200 444
::1 - - [12/Jan/2025:09:33:48 +0000] "POST /api/user/login HTTP/1.1" 200 444
::1 - - [12/Jan/2025:09:33:49 +0000] "POST /api/user/login HTTP/1.1" 200 444
::1 - - [12/Jan/2025:09:33:49 +0000] "POST /api/user/login HTTP/1.1" 200 444
::1 - - [12/Jan/2025:09:33:50 +0000] "POST /api/user/login HTTP/1.1" 200 444
::1 - - [12/Jan/2025:09:33:50 +0000] "POST /api/user/login HTTP/1.1" 200 444
::1 - - [12/Jan/2025:09:33:51 +0000] "POST /api/user/login HTTP/1.1" 200 444
::1 - - [12/Jan/2025:09:33:51 +0000] "POST /api/user/login HTTP/1.1" 200 444
::1 - - [12/Jan/2025:09:33:51 +0000] "POST /api/user/login HTTP/1.1" 200 444
::1 - - [12/Jan/2025:09:33:51 +0000] "POST /api/user/login HTTP/1.1" 200 444
::1 - - [12/Jan/2025:09:33:52 +0000] "POST /api/user/login HTTP/1.1" 200 452
::1 - - [12/Jan/2025:09:33:52 +0000] "POST /api/user/login HTTP/1.1" 200 452
::1 - - [12/Jan/2025:09:33:53 +0000] "POST /api/user/login HTTP/1.1" 200 452
::1 - - [12/Jan/2025:09:33:53 +0000] "POST /api/user/login HTTP/1.1" 200 452
::1 - - [12/Jan/2025:09:33:53 +0000] "POST /api/user/login HTTP/1.1" 200 452
::1 - - [12/Jan/2025:09:33:54 +0000] "POST /api/leaderboard/createscore HTTP/1.1" 200 32
::1 - - [12/Jan/2025:09:33:54 +0000] "POST /api/leaderboard/createscore HTTP/1.1" 200 33
::1 - - [12/Jan/2025:09:33:54 +0000] "POST /api/leaderboard/createscore HTTP/1.1" 200 33
::1 - - [12/Jan/2025:09:33:54 +0000] "POST /api/leaderboard/createscore HTTP/1.1" 200 33
::1 - - [12/Jan/2025:09:33:54 +0000] "POST /api/leaderboard/createscore HTTP/1.1" 200 33
::1 - - [12/Jan/2025:09:33:54 +0000] "POST /api/leaderboard/createscore HTTP/1.1" 200 33
::1 - - [12/Jan/2025:09:33:55 +0000] "POST /api/leaderboard/createscore HTTP/1.1" 200 33
::1 - - [12/Jan/2025:09:33:55 +0000] "POST /api/leaderboard/createscore HTTP/1.1" 200 33
::1 - - [12/Jan/2025:09:33:55 +0000] "POST /api/leaderboard/createscore HTTP/1.1" 200 33
::1 - - [12/Jan/2025:09:33:55 +0000] "POST /api/leaderboard/createscore HTTP/1.1" 200 33
::1 - - [12/Jan/2025:09:33:55 +0000] "POST /api/leaderboard/createscore HTTP/1.1" 200 34
::1 - - [12/Jan/2025:09:33:55 +0000] "POST /api/leaderboard/createscore HTTP/1.1" 200 34
::1 - - [12/Jan/2025:09:33:56 +0000] "POST /api/leaderboard/createscore HTTP/1.1" 200 34
::1 - - [12/Jan/2025:09:33:56 +0000] "POST /api/leaderboard/createscore HTTP/1.1" 200 34
::1 - - [12/Jan/2025:09:33:56 +0000] "POST /api/leaderboard/createscore HTTP/1.1" 200 34
::1 - - [12/Jan/2025:09:59:45 +0000] "POST /api/user/register HTTP/1.1" 500 -
::1 - - [12/Jan/2025:10:03:46 +0000] "POST /api/user/register HTTP/1.1" 500 -
::1 - - [12/Jan/2025:10:10:09 +0000] "POST /api/user/register HTTP/1.1" 500 -
::1 - - [12/Jan/2025:10:11:34 +0000] "POST /api/user/register HTTP/1.1" 500 -
::1 - - [12/Jan/2025:10:14:01 +0000] "POST /api/user/register HTTP/1.1" 500 -
::1 - - [12/Jan/2025:10:14:09 +0000] "POST /api/user/register HTTP/1.1" 500 -
::1 - - [12/Jan/2025:10:17:37 +0000] "POST /api/user/register HTTP/1.1" 500 -
::1 - - [12/Jan/2025:10:18:19 +0000] "POST /api/user/register HTTP/1.1" 500 -
::1 - - [12/Jan/2025:10:18:56 +0000] "POST /api/user/register HTTP/1.1" 500 -
::1 - - [12/Jan/2025:10:21:31 +0000] "POST /api/user/register HTTP/1.1" 500 -
::1 - - [12/Jan/2025:10:22:49 +0000] "POST /api/user/register HTTP/1.1" 200 2
::1 - - [12/Jan/2025:10:23:57 +0000] "POST /api/user/register HTTP/1.1" 200 2
::1 - - [12/Jan/2025:10:23:58 +0000] "POST /api/user/register HTTP/1.1" 200 2
::1 - - [12/Jan/2025:10:23:59 +0000] "POST /api/user/register HTTP/1.1" 200 2
::1 - - [12/Jan/2025:10:24:00 +0000] "POST /api/user/register HTTP/1.1" 200 2
::1 - - [12/Jan/2025:10:24:01 +0000] "POST /api/user/register HTTP/1.1" 500 -
::1 - - [12/Jan/2025:10:24:01 +0000] "POST /api/user/register HTTP/1.1" 500 -
::1 - - [12/Jan/2025:10:24:01 +0000] "POST /api/user/register HTTP/1.1" 500 -
::1 - - [12/Jan/2025:10:24:01 +0000] "POST /api/user/register HTTP/1.1" 500 -
::1 - - [12/Jan/2025:10:24:01 +0000] "POST /api/user/register HTTP/1.1" 200 2
::1 - - [12/Jan/2025:10:24:01 +0000] "POST /api/user/register HTTP/1.1" 500 -
::1 - - [12/Jan/2025:10:24:01 +0000] "POST /api/user/register HTTP/1.1" 500 -
::1 - - [12/Jan/2025:10:24:01 +0000] "POST /api/user/register HTTP/1.1" 500 -
::1 - - [12/Jan/2025:10:24:01 +0000] "POST /api/user/register HTTP/1.1" 500 -
::1 - - [12/Jan/2025:10:24:02 +0000] "POST /api/user/register HTTP/1.1" 500 -
::1 - - [12/Jan/2025:10:24:02 +0000] "POST /api/user/register HTTP/1.1" 200 2
::1 - - [12/Jan/2025:10:24:55 +0000] "POST /api/user/register HTTP/1.1" 200 2
::1 - - [12/Jan/2025:10:24:56 +0000] "POST /api/user/register HTTP/1.1" 200 2
::1 - - [12/Jan/2025:10:24:57 +0000] "POST /api/user/register HTTP/1.1" 200 2
::1 - - [12/Jan/2025:10:24:57 +0000] "POST /api/user/register HTTP/1.1" 200 2
::1 - - [12/Jan/2025:10:24:58 +0000] "POST /api/user/register HTTP/1.1" 500 -
::1 - - [12/Jan/2025:10:24:58 +0000] "POST /api/user/register HTTP/1.1" 200 2
::1 - - [12/Jan/2025:10:24:59 +0000] "POST /api/user/register HTTP/1.1" 200 2
::1 - - [12/Jan/2025:10:25:00 +0000] "POST /api/user/register HTTP/1.1" 200 2
::1 - - [12/Jan/2025:10:25:02 +0000] "POST /api/user/register HTTP/1.1" 200 2
::1 - - [12/Jan/2025:10:27:17 +0000] "POST /api/user/register HTTP/1.1" 200 2
::1 - - [12/Jan/2025:10:27:18 +0000] "POST /api/user/register HTTP/1.1" 200 2
::1 - - [12/Jan/2025:10:27:20 +0000] "POST /api/user/register HTTP/1.1" 200 2
::1 - - [12/Jan/2025:10:27:21 +0000] "POST /api/user/register HTTP/1.1" 200 2
::1 - - [12/Jan/2025:10:27:22 +0000] "POST /api/user/register HTTP/1.1" 200 2
::1 - - [12/Jan/2025:10:27:23 +0000] "POST /api/user/register HTTP/1.1" 200 2
::1 - - [12/Jan/2025:10:27:25 +0000] "POST /api/user/register HTTP/1.1" 200 2
::1 - - [12/Jan/2025:10:27:26 +0000] "POST /api/user/register HTTP/1.1" 200 2
::1 - - [12/Jan/2025:10:27:27 +0000] "POST /api/user/register HTTP/1.1" 200 2
::1 - - [12/Jan/2025:10:27:28 +0000] "POST /api/user/register HTTP/1.1" 500 -
::1 - - [12/Jan/2025:10:27:30 +0000] "POST /api/user/register HTTP/1.1" 200 2
::1 - - [12/Jan/2025:10:27:32 +0000] "POST /api/user/register HTTP/1.1" 200 2
::1 - - [12/Jan/2025:10:27:33 +0000] "POST /api/user/register HTTP/1.1" 200 2
::1 - - [12/Jan/2025:10:27:34 +0000] "POST /api/user/register HTTP/1.1" 200 2
::1 - - [12/Jan/2025:10:29:06 +0000] "POST /api/user/register HTTP/1.1" 500 -
::1 - - [12/Jan/2025:10:29:06 +0000] "POST /api/user/register HTTP/1.1" 500 -
::1 - - [12/Jan/2025:10:29:06 +0000] "POST /api/user/register HTTP/1.1" 500 -
::1 - - [12/Jan/2025:10:29:06 +0000] "POST /api/user/register HTTP/1.1" 500 -
::1 - - [12/Jan/2025:10:29:06 +0000] "POST /api/user/register HTTP/1.1" - -
::1 - - [12/Jan/2025:10:29:48 +0000] "POST /api/user/register HTTP/1.1" 200 2
::1 - - [12/Jan/2025:10:29:49 +0000] "POST /api/user/register HTTP/1.1" 200 2
::1 - - [12/Jan/2025:10:29:51 +0000] "POST /api/user/register HTTP/1.1" 200 2
::1 - - [12/Jan/2025:10:29:52 +0000] "POST /api/user/register HTTP/1.1" 200 2
::1 - - [12/Jan/2025:10:29:53 +0000] "POST /api/user/register HTTP/1.1" 200 2
::1 - - [12/Jan/2025:10:29:55 +0000] "POST /api/user/register HTTP/1.1" 200 2
::1 - - [12/Jan/2025:10:29:56 +0000] "POST /api/user/register HTTP/1.1" 200 2
::1 - - [12/Jan/2025:10:29:57 +0000] "POST /api/user/register HTTP/1.1" 200 2
::1 - - [12/Jan/2025:10:29:59 +0000] "POST /api/user/register HTTP/1.1" 200 2
::1 - - [12/Jan/2025:10:30:00 +0000] "POST /api/user/register HTTP/1.1" 200 2
::1 - - [12/Jan/2025:10:30:01 +0000] "POST /api/user/register HTTP/1.1" 500 -
::1 - - [12/Jan/2025:10:30:01 +0000] "POST /api/user/register HTTP/1.1" - -
::1 - - [12/Jan/2025:10:30:01 +0000] "POST /api/user/register HTTP/1.1" - -
::1 - - [12/Jan/2025:10:30:01 +0000] "POST /api/user/register HTTP/1.1" - -
::1 - - [12/Jan/2025:10:30:01 +0000] "POST /api/user/register HTTP/1.1" - -
::1 - - [12/Jan/2025:10:37:27 +0000] "POST /api/user/register HTTP/1.1" 200 2
::1 - - [12/Jan/2025:10:37:28 +0000] "POST /api/user/register HTTP/1.1" 200 2
::1 - - [12/Jan/2025:10:37:29 +0000] "POST /api/user/register HTTP/1.1" 200 2
::1 - - [12/Jan/2025:10:37:30 +0000] "POST /api/user/register HTTP/1.1" 200 2
::1 - - [12/Jan/2025:10:37:32 +0000] "POST /api/user/register HTTP/1.1" 200 2
::1 - - [12/Jan/2025:10:37:33 +0000] "POST /api/user/register HTTP/1.1" 200 2
::1 - - [12/Jan/2025:10:37:34 +0000] "POST /api/user/register HTTP/1.1" 200 2
::1 - - [12/Jan/2025:10:37:36 +0000] "POST /api/user/register HTTP/1.1" 200 2
::1 - - [12/Jan/2025:10:37:37 +0000] "POST /api/user/register HTTP/1.1" 200 2
::1 - - [12/Jan/2025:10:37:38 +0000] "POST /api/user/register HTTP/1.1" 200 2
::1 - - [12/Jan/2025:10:37:40 +0000] "POST /api/user/register HTTP/1.1" 200 2
::1 - - [12/Jan/2025:10:37:41 +0000] "POST /api/user/register HTTP/1.1" 200 2
::1 - - [12/Jan/2025:10:37:42 +0000] "POST /api/user/register HTTP/1.1" 200 2
::1 - - [12/Jan/2025:10:37:44 +0000] "POST /api/user/register HTTP/1.1" 200 2
::1 - - [12/Jan/2025:10:37:45 +0000] "POST /api/user/register HTTP/1.1" 200 2
::1 - - [12/Jan/2025:10:37:46 +0000] "POST /api/user/login HTTP/1.1" 200 447
::1 - - [12/Jan/2025:10:37:46 +0000] "POST /api/user/login HTTP/1.1" 200 444
::1 - - [12/Jan/2025:10:37:46 +0000] "POST /api/user/login HTTP/1.1" 200 451
::1 - - [12/Jan/2025:10:37:46 +0000] "POST /api/user/login HTTP/1.1" 200 444
::1 - - [12/Jan/2025:10:37:46 +0000] "POST /api/user/login HTTP/1.1" 200 444
::1 - - [12/Jan/2025:10:37:47 +0000] "POST /api/user/login HTTP/1.1" 200 444
::1 - - [12/Jan/2025:10:37:47 +0000] "POST /api/user/login HTTP/1.1" 200 444
::1 - - [12/Jan/2025:10:37:47 +0000] "POST /api/user/login HTTP/1.1" 200 444
::1 - - [12/Jan/2025:10:37:47 +0000] "POST /api/user/login HTTP/1.1" 200 444
::1 - - [12/Jan/2025:10:37:47 +0000] "POST /api/user/login HTTP/1.1" 200 452
::1 - - [12/Jan/2025:10:37:48 +0000] "POST /api/user/login HTTP/1.1" 200 452
::1 - - [12/Jan/2025:10:37:48 +0000] "POST /api/user/login HTTP/1.1" 200 448
::1 - - [12/Jan/2025:10:37:48 +0000] "POST /api/user/login HTTP/1.1" 200 452
::1 - - [12/Jan/2025:10:37:48 +0000] "POST /api/user/login HTTP/1.1" 200 452
::1 - - [12/Jan/2025:10:37:48 +0000] "POST /api/user/login HTTP/1.1" 200 452
::1 - - [12/Jan/2025:10:37:48 +0000] "POST /api/leaderboard/createscore HTTP/1.1" 200 34
::1 - - [12/Jan/2025:10:37:48 +0000] "POST /api/leaderboard/createscore HTTP/1.1" 200 34
::1 - - [12/Jan/2025:10:37:48 +0000] "POST /api/leaderboard/createscore HTTP/1.1" 200 33
::1 - - [12/Jan/2025:10:37:48 +0000] "POST /api/leaderboard/createscore HTTP/1.1" 200 33
::1 - - [12/Jan/2025:10:37:48 +0000] "POST /api/leaderboard/createscore HTTP/1.1" 200 32
::1 - - [12/Jan/2025:10:37:48 +0000] "POST /api/leaderboard/createscore HTTP/1.1" 200 33
::1 - - [12/Jan/2025:10:37:48 +0000] "POST /api/leaderboard/createscore HTTP/1.1" 200 33
::1 - - [12/Jan/2025:10:37:48 +0000] "POST /api/leaderboard/createscore HTTP/1.1" 200 33
::1 - - [12/Jan/2025:10:37:48 +0000] "POST /api/leaderboard/createscore HTTP/1.1" 200 33
::1 - - [12/Jan/2025:10:37:48 +0000] "POST /api/leaderboard/createscore HTTP/1.1" 200 34
::1 - - [12/Jan/2025:10:37:49 +0000] "POST /api/leaderboard/createscore HTTP/1.1" 200 34
::1 - - [12/Jan/2025:10:37:49 +0000] "POST /api/leaderboard/createscore HTTP/1.1" 200 34
::1 - - [12/Jan/2025:10:37:49 +0000] "POST /api/leaderboard/createscore HTTP/1.1" 200 33
::1 - - [12/Jan/2025:10:37:49 +0000] "POST /api/leaderboard/createscore HTTP/1.1" 200 34
::1 - - [12/Jan/2025:10:37:49 +0000] "POST /api/leaderboard/createscore HTTP/1.1" 200 33
::1 - - [12/Jan/2025:10:39:15 +0000] "POST /api/user/register HTTP/1.1" 200 2
::1 - - [12/Jan/2025:10:39:16 +0000] "POST /api/user/register HTTP/1.1" 200 2
::1 - - [12/Jan/2025:10:39:18 +0000] "POST /api/user/register HTTP/1.1" 200 2
::1 - - [12/Jan/2025:10:39:19 +0000] "POST /api/user/register HTTP/1.1" 200 2
::1 - - [12/Jan/2025:10:39:20 +0000] "POST /api/user/register HTTP/1.1" 200 2
::1 - - [12/Jan/2025:10:39:22 +0000] "POST /api/user/register HTTP/1.1" 200 2
::1 - - [12/Jan/2025:10:39:23 +0000] "POST /api/user/register HTTP/1.1" 200 2
::1 - - [12/Jan/2025:10:39:24 +0000] "POST /api/user/register HTTP/1.1" 200 2
::1 - - [12/Jan/2025:10:39:26 +0000] "POST /api/user/register HTTP/1.1" 200 2
::1 - - [12/Jan/2025:10:39:27 +0000] "POST /api/user/register HTTP/1.1" 200 2
::1 - - [12/Jan/2025:10:39:28 +0000] "POST /api/user/register HTTP/1.1" 200 2
::1 - - [12/Jan/2025:10:39:30 +0000] "POST /api/user/register HTTP/1.1" 200 2
::1 - - [12/Jan/2025:10:39:31 +0000] "POST /api/user/register HTTP/1.1" 200 2
::1 - - [12/Jan/2025:10:39:32 +0000] "POST /api/user/register HTTP/1.1" 200 2
::1 - - [12/Jan/2025:10:39:34 +0000] "POST /api/user/register HTTP/1.1" 200 2
::1 - - [12/Jan/2025:10:39:34 +0000] "POST /api/user/login HTTP/1.1" 200 444
::1 - - [12/Jan/2025:10:39:35 +0000] "POST /api/user/login HTTP/1.1" 200 444
::1 - - [12/Jan/2025:10:39:35 +0000] "POST /api/user/login HTTP/1.1" 200 447
::1 - - [12/Jan/2025:10:39:35 +0000] "POST /api/user/login HTTP/1.1" 200 444
::1 - - [12/Jan/2025:10:39:35 +0000] "POST /api/user/login HTTP/1.1" 200 444
::1 - - [12/Jan/2025:10:39:35 +0000] "POST /api/user/login HTTP/1.1" 200 444
::1 - - [12/Jan/2025:10:39:35 +0000] "POST /api/user/login HTTP/1.1" 200 444
::1 - - [12/Jan/2025:10:39:35 +0000] "POST /api/user/login HTTP/1.1" 200 444
::1 - - [12/Jan/2025:10:39:35 +0000] "POST /api/user/login HTTP/1.1" 200 444
::1 - - [12/Jan/2025:10:39:35 +0000] "POST /api/user/login HTTP/1.1" 200 448
::1 - - [12/Jan/2025:10:39:35 +0000] "POST /api/user/login HTTP/1.1" 200 452
::1 - - [12/Jan/2025:10:39:35 +0000] "POST /api/user/login HTTP/1.1" 200 452
::1 - - [12/Jan/2025:10:39:35 +0000] "POST /api/user/login HTTP/1.1" 200 452
::1 - - [12/Jan/2025:10:39:35 +0000] "POST /api/user/login HTTP/1.1" 200 452
::1 - - [12/Jan/2025:10:39:35 +0000] "POST /api/user/login HTTP/1.1" 200 452
::1 - - [12/Jan/2025:10:39:35 +0000] "POST /api/leaderboard/createscore HTTP/1.1" 200 32
::1 - - [12/Jan/2025:10:39:35 +0000] "POST /api/leaderboard/createscore HTTP/1.1" 200 33
::1 - - [12/Jan/2025:10:39:35 +0000] "POST /api/leaderboard/createscore HTTP/1.1" 200 34
::1 - - [12/Jan/2025:10:39:35 +0000] "POST /api/leaderboard/createscore HTTP/1.1" 200 33
::1 - - [12/Jan/2025:10:39:35 +0000] "POST /api/leaderboard/createscore HTTP/1.1" 200 33
::1 - - [12/Jan/2025:10:39:35 +0000] "POST /api/leaderboard/createscore HTTP/1.1" 200 32
::1 - - [12/Jan/2025:10:39:35 +0000] "POST /api/leaderboard/createscore HTTP/1.1" 200 33
::1 - - [12/Jan/2025:10:39:35 +0000] "POST /api/leaderboard/createscore HTTP/1.1" 200 33
::1 - - [12/Jan/2025:10:39:35 +0000] "POST /api/leaderboard/createscore HTTP/1.1" 200 33
::1 - - [12/Jan/2025:10:39:35 +0000] "POST /api/leaderboard/createscore HTTP/1.1" 200 33
::1 - - [12/Jan/2025:10:39:35 +0000] "POST /api/leaderboard/createscore HTTP/1.1" 200 34
::1 - - [12/Jan/2025:10:39:35 +0000] "POST /api/leaderboard/createscore HTTP/1.1" 200 34
::1 - - [12/Jan/2025:10:39:35 +0000] "POST /api/leaderboard/createscore HTTP/1.1" 200 34
::1 - - [12/Jan/2025:10:39:35 +0000] "POST /api/leaderboard/createscore HTTP/1.1" 200 34
::1 - - [12/Jan/2025:10:39:35 +0000] "POST /api/leaderboard/createscore HTTP/1.1" 200 34
::1 - - [12/Jan/2025:10:40:07 +0000] "GET /api/leaderboard/get-details/1 HTTP/1.1" 200 36
::1 - - [12/Jan/2025:10:41:19 +0000] "GET /api/leaderboard/get-details/1 HTTP/1.1" 200 36
::1 - - [12/Jan/2025:10:42:21 +0000] "GET /api/leaderboard/get/1 HTTP/1.1" 200 305
::1 - - [12/Jan/2025:10:43:32 +0000] "GET /api/leaderboard/get/1 HTTP/1.1" 200 305
::1 - - [12/Jan/2025:11:01:54 +0000] "GET /api/leaderboard/get/1 HTTP/1.1" 500 45
::1 - - [12/Jan/2025:11:04:09 +0000] "GET /api/leaderboard/get/1 HTTP/1.1" 200 549
::1 - - [12/Jan/2025:11:05:59 +0000] "GET /api/leaderboard/get-details/1 HTTP/1.1" 200 -
::1 - - [12/Jan/2025:11:06:48 +0000] "GET /api/leaderboard/get-details/1 HTTP/1.1" 200 -
::1 - - [12/Jan/2025:11:07:07 +0000] "GET /api/leaderboard/get/1 HTTP/1.1" 200 549
::1 - - [12/Jan/2025:22:00:21 +0000] "GET //api/leaderboard/get:1?start=0&end=9&dir=desc HTTP/1.1" 404 161
::1 - - [12/Jan/2025:22:00:42 +0000] "GET /api/leaderboard/get/1?start=0&end=9&dir=desc HTTP/1.1" 200 380
::1 - - [12/Jan/2025:22:01:09 +0000] "GET /api/leaderboard/get-details/1?start=0&end=9&dir=desc HTTP/1.1" 200 -
::1 - - [12/Jan/2025:22:10:11 +0000] "GET /api/leaderboard/get/1?start=0&end=9&dir=desc HTTP/1.1" 200 380
::1 - - [12/Jan/2025:22:10:24 +0000] "GET /api/leaderboard/get/1?start=0&end=9&dir=desc HTTP/1.1" 200 380
::1 - - [12/Jan/2025:22:11:28 +0000] "GET /api/leaderboard/get/1?start=0&end=9&dir=desc HTTP/1.1" 200 380
::1 - - [12/Jan/2025:22:11:43 +0000] "GET /api/leaderboard/get/1?start=0&end=9&dir=desc HTTP/1.1" 200 380
::1 - - [12/Jan/2025:22:13:01 +0000] "GET /api/leaderboard/get/1?start=0&end=9&dir=desc HTTP/1.1" 200 380
::1 - - [12/Jan/2025:22:16:36 +0000] "GET /api/leaderboard/get/1?start=0&end=9&dir=desc HTTP/1.1" 200 380
::1 - - [12/Jan/2025:22:16:40 +0000] "GET /api/leaderboard/get/1?start=0&end=9&dir=desc HTTP/1.1" 200 380
::1 - - [12/Jan/2025:22:20:17 +0000] "GET /api/leaderboard/get/1?start=0&end=9&dir=desc HTTP/1.1" 200 380
::1 - - [12/Jan/2025:22:24:12 +0000] "GET /api/leaderboard/get/1?start=0&end=9&dir=desc HTTP/1.1" 200 380
::1 - - [12/Jan/2025:22:24:57 +0000] "GET /api/leaderboard/get/1?start=0&end=9&dir=desc HTTP/1.1" 200 380
::1 - - [12/Jan/2025:22:25:33 +0000] "GET /api/leaderboard/get/1?start=0&end=9&dir=desc HTTP/1.1" 200 380
::1 - - [12/Jan/2025:22:26:15 +0000] "GET /api/leaderboard/get/1?start=0&end=9&dir=desc HTTP/1.1" 200 380
::1 - - [12/Jan/2025:22:32:18 +0000] "GET /api/leaderboard/get/1?start=0&end=9&dir=desc HTTP/1.1" 200 380
::1 - - [12/Jan/2025:22:42:00 +0000] "GET /api/leaderboard/get/1?start=0&end=9&dir=desc HTTP/1.1" 200 380
::1 - - [12/Jan/2025:22:42:09 +0000] "GET /api/leaderboard/get/1?start=0&end=9&dir=desc HTTP/1.1" 304 -
::1 - - [12/Jan/2025:22:42:16 +0000] "GET /api/leaderboard/get/1?start=0&end=9&dir=desc HTTP/1.1" 304 -
::1 - - [12/Jan/2025:22:42:31 +0000] "GET /api/leaderboard/get/1?start=0&end=9&dir=desc HTTP/1.1" 304 -
::1 - - [12/Jan/2025:22:43:13 +0000] "GET /api/leaderboard/get/1?start=0&end=9&dir=desc HTTP/1.1" 304 -
::1 - - [12/Jan/2025:22:43:36 +0000] "GET /api/leaderboard/get/1?start=0&end=9&dir=desc HTTP/1.1" 304 -
::1 - - [12/Jan/2025:22:43:38 +0000] "GET /api/leaderboard/get/1?start=0&end=9&dir=desc HTTP/1.1" 304 -
::1 - - [12/Jan/2025:22:43:41 +0000] "GET /api/leaderboard/get/1?start=0&end=9&dir=desc HTTP/1.1" 304 -
::1 - - [12/Jan/2025:22:43:44 +0000] "GET /api/leaderboard/get/1?start=0&end=9&dir=desc HTTP/1.1" 304 -
::1 - - [12/Jan/2025:22:44:07 +0000] "GET /api/leaderboard/get/1?start=0&end=9&dir=desc HTTP/1.1" 304 -
::1 - - [12/Jan/2025:22:44:09 +0000] "GET /api/leaderboard/get/1?start=0&end=9&dir=desc HTTP/1.1" 304 -
::1 - - [12/Jan/2025:22:44:17 +0000] "GET /api/leaderboard/get/1?start=0&end=9&dir=desc HTTP/1.1" 304 -
::1 - - [12/Jan/2025:22:44:19 +0000] "GET /api/leaderboard/get/1?start=0&end=9&dir=desc HTTP/1.1" 304 -
::1 - - [12/Jan/2025:22:44:22 +0000] "GET /api/leaderboard/get/1?start=0&end=9&dir=desc HTTP/1.1" 304 -
::1 - - [12/Jan/2025:22:44:26 +0000] "GET /api/leaderboard/get/1?start=0&end=9&dir=desc HTTP/1.1" 304 -
::1 - - [12/Jan/2025:22:44:27 +0000] "GET /api/leaderboard/get/1?start=0&end=9&dir=desc HTTP/1.1" 304 -
::1 - - [12/Jan/2025:22:44:54 +0000] "GET /api/leaderboard/get/1?start=0&end=9&dir=desc HTTP/1.1" 304 -
::1 - - [12/Jan/2025:22:45:09 +0000] "GET /api/leaderboard/get/1?start=0&end=9&dir=desc HTTP/1.1" 304 -
::1 - - [12/Jan/2025:22:45:10 +0000] "GET /api/leaderboard/get/1?start=0&end=9&dir=desc HTTP/1.1" 304 -
::1 - - [12/Jan/2025:22:45:11 +0000] "GET /api/leaderboard/get/1?start=0&end=9&dir=desc HTTP/1.1" 304 -
::1 - - [12/Jan/2025:22:45:12 +0000] "GET /api/leaderboard/get/1?start=0&end=9&dir=desc HTTP/1.1" 304 -
::1 - - [12/Jan/2025:22:45:18 +0000] "GET /api/leaderboard/get/1?start=0&end=9&dir=desc HTTP/1.1" 304 -
::1 - - [12/Jan/2025:22:45:24 +0000] "GET /api/leaderboard/get/1?start=0&end=9&dir=desc HTTP/1.1" 304 -
::1 - - [12/Jan/2025:22:45:25 +0000] "GET /api/leaderboard/get/1?start=0&end=9&dir=desc HTTP/1.1" 304 -
::1 - - [12/Jan/2025:22:45:26 +0000] "GET /api/leaderboard/get/1?start=0&end=9&dir=desc HTTP/1.1" 304 -
::1 - - [12/Jan/2025:22:45:40 +0000] "GET /api/leaderboard/get/1?start=0&end=9&dir=desc HTTP/1.1" 304 -
::1 - - [12/Jan/2025:22:45:42 +0000] "GET /api/leaderboard/get/1?start=0&end=9&dir=desc HTTP/1.1" 304 -
::1 - - [12/Jan/2025:22:45:45 +0000] "GET /api/leaderboard/get/1?start=0&end=9&dir=desc HTTP/1.1" 304 -
::1 - - [12/Jan/2025:22:45:48 +0000] "GET /api/leaderboard/get/1?start=0&end=9&dir=desc HTTP/1.1" 304 -
::1 - - [12/Jan/2025:22:45:59 +0000] "GET /api/leaderboard/get/1?start=0&end=9&dir=desc HTTP/1.1" 304 -
::1 - - [12/Jan/2025:22:46:00 +0000] "GET /api/leaderboard/get/1?start=0&end=9&dir=desc HTTP/1.1" 304 -
::1 - - [12/Jan/2025:22:46:07 +0000] "GET /api/leaderboard/get/1?start=0&end=9&dir=desc HTTP/1.1" 304 -
::ffff:127.0.0.1 - - [12/Jan/2025:22:46:08 +0000] "GET /api/leaderboard/get/1?start=0&end=9&dir=desc HTTP/1.1" 304 -
::1 - - [12/Jan/2025:22:46:22 +0000] "GET /api/leaderboard/get/1?start=0&end=9&dir=desc HTTP/1.1" - -
::1 - - [12/Jan/2025:22:46:22 +0000] "GET /api/leaderboard/get/1?start=0&end=9&dir=desc HTTP/1.1" 200 380
::1 - - [12/Jan/2025:22:46:23 +0000] "GET /api/leaderboard/get/1?start=0&end=9&dir=desc HTTP/1.1" 304 -
::1 - - [12/Jan/2025:22:46:26 +0000] "GET /api/leaderboard/get/1?start=0&end=9&dir=desc HTTP/1.1" 304 -
::1 - - [12/Jan/2025:22:46:40 +0000] "GET /api/leaderboard/get/1?start=0&end=9&dir=desc HTTP/1.1" 304 -
::1 - - [12/Jan/2025:22:46:42 +0000] "GET /api/leaderboard/get/1?start=0&end=9&dir=desc HTTP/1.1" 304 -
::1 - - [12/Jan/2025:22:46:44 +0000] "GET /api/leaderboard/get/1?start=0&end=9&dir=desc HTTP/1.1" 304 -
::1 - - [12/Jan/2025:22:46:49 +0000] "GET /api/leaderboard/get/1?start=0&end=9&dir=desc HTTP/1.1" 304 -
::1 - - [12/Jan/2025:22:46:59 +0000] "GET /api/leaderboard/get/1?start=0&end=9&dir=desc HTTP/1.1" 304 -
::1 - - [12/Jan/2025:22:47:10 +0000] "GET /api/leaderboard/get/1?start=0&end=9&dir=desc HTTP/1.1" 304 -
::1 - - [12/Jan/2025:22:47:21 +0000] "GET /api/leaderboard/get/1?start=0&end=9&dir=desc HTTP/1.1" 304 -
::1 - - [12/Jan/2025:22:47:50 +0000] "GET /api/leaderboard/get/1?start=0&end=9&dir=desc HTTP/1.1" 304 -
::1 - - [12/Jan/2025:22:48:24 +0000] "GET /api/leaderboard/get/1?start=0&end=9&dir=desc HTTP/1.1" 304 -
::1 - - [12/Jan/2025:22:48:25 +0000] "GET /api/leaderboard/get/1?start=0&end=9&dir=desc HTTP/1.1" 304 -
::1 - - [12/Jan/2025:22:48:25 +0000] "GET /api/leaderboard/get/1?start=0&end=9&dir=desc HTTP/1.1" 304 -
::1 - - [12/Jan/2025:22:48:52 +0000] "GET /api/leaderboard/get/1?start=0&end=9&dir=desc HTTP/1.1" 304 -
::1 - - [12/Jan/2025:22:49:10 +0000] "GET /api/leaderboard/get/1?start=0&end=9&dir=desc HTTP/1.1" 304 -
::1 - - [12/Jan/2025:22:49:17 +0000] "GET /api/leaderboard/get/1?start=0&end=9&dir=desc HTTP/1.1" 304 -
::1 - - [12/Jan/2025:22:49:21 +0000] "GET /api/leaderboard/get/1?start=0&end=9&dir=desc HTTP/1.1" 304 -
::1 - - [12/Jan/2025:22:49:23 +0000] "GET /api/leaderboard/get/1?start=0&end=9&dir=desc HTTP/1.1" 304 -
::1 - - [12/Jan/2025:22:49:24 +0000] "GET /api/leaderboard/get/1?start=0&end=9&dir=desc HTTP/1.1" 304 -
::1 - - [12/Jan/2025:22:49:25 +0000] "GET /api/leaderboard/get/1?start=0&end=9&dir=desc HTTP/1.1" 304 -
::1 - - [12/Jan/2025:22:49:26 +0000] "GET /api/leaderboard/get/1?start=0&end=9&dir=desc HTTP/1.1" 304 -
::1 - - [12/Jan/2025:22:49:27 +0000] "GET /api/leaderboard/get/1?start=0&end=9&dir=desc HTTP/1.1" 304 -
::1 - - [12/Jan/2025:22:49:29 +0000] "GET /api/leaderboard/get/1?start=0&end=9&dir=desc HTTP/1.1" 304 -
::1 - - [12/Jan/2025:22:49:30 +0000] "GET /api/leaderboard/get/1?start=0&end=9&dir=desc HTTP/1.1" 304 -
::1 - - [12/Jan/2025:22:49:33 +0000] "GET /api/leaderboard/get/1?start=0&end=9&dir=desc HTTP/1.1" 304 -
::1 - - [12/Jan/2025:22:49:36 +0000] "GET /api/leaderboard/get/1?start=0&end=9&dir=desc HTTP/1.1" 304 -
::1 - - [12/Jan/2025:22:49:49 +0000] "GET /api/leaderboard/get/1?start=0&end=9&dir=desc HTTP/1.1" 304 -
::1 - - [12/Jan/2025:22:49:57 +0000] "GET /api/leaderboard/get/1?start=0&end=9&dir=desc HTTP/1.1" 304 -
::1 - - [12/Jan/2025:22:50:34 +0000] "GET /api/leaderboard/get/1?start=0&end=9&dir=desc HTTP/1.1" 304 -
::1 - - [12/Jan/2025:22:50:39 +0000] "GET /api/leaderboard/get/1?start=0&end=9&dir=desc HTTP/1.1" 304 -
::1 - - [12/Jan/2025:22:50:41 +0000] "GET /api/leaderboard/get/1?start=0&end=9&dir=desc HTTP/1.1" 304 -
::1 - - [12/Jan/2025:22:50:43 +0000] "GET /api/leaderboard/get/1?start=0&end=9&dir=desc HTTP/1.1" 304 -
::1 - - [12/Jan/2025:22:51:43 +0000] "GET /api/leaderboard/get/1?start=0&end=9&dir=desc HTTP/1.1" 304 -
::1 - - [12/Jan/2025:22:52:43 +0000] "GET /api/leaderboard/get/1?start=0&end=9&dir=desc HTTP/1.1" 304 -
::1 - - [12/Jan/2025:22:53:44 +0000] "GET /api/leaderboard/get/1?start=0&end=9&dir=desc HTTP/1.1" 304 -
::1 - - [12/Jan/2025:22:54:44 +0000] "GET /api/leaderboard/get/1?start=0&end=9&dir=desc HTTP/1.1" 304 -
::1 - - [12/Jan/2025:22:55:44 +0000] "GET /api/leaderboard/get/1?start=0&end=9&dir=desc HTTP/1.1" 304 -
::1 - - [12/Jan/2025:22:56:45 +0000] "GET /api/leaderboard/get/1?start=0&end=9&dir=desc HTTP/1.1" 304 -
::1 - - [12/Jan/2025:22:57:45 +0000] "GET /api/leaderboard/get/1?start=0&end=9&dir=desc HTTP/1.1" 304 -
::1 - - [12/Jan/2025:22:58:45 +0000] "GET /api/leaderboard/get/1?start=0&end=9&dir=desc HTTP/1.1" 304 -
::1 - - [12/Jan/2025:22:59:46 +0000] "GET /api/leaderboard/get/1?start=0&end=9&dir=desc HTTP/1.1" 304 -
::1 - - [12/Jan/2025:23:00:46 +0000] "GET /api/leaderboard/get/1?start=0&end=9&dir=desc HTTP/1.1" 304 -
::1 - - [12/Jan/2025:23:01:47 +0000] "GET /api/leaderboard/get/1?start=0&end=9&dir=desc HTTP/1.1" 304 -
::1 - - [12/Jan/2025:23:02:47 +0000] "GET /api/leaderboard/get/1?start=0&end=9&dir=desc HTTP/1.1" 304 -
::1 - - [12/Jan/2025:23:03:47 +0000] "GET /api/leaderboard/get/1?start=0&end=9&dir=desc HTTP/1.1" 304 -
::1 - - [12/Jan/2025:23:04:48 +0000] "GET /api/leaderboard/get/1?start=0&end=9&dir=desc HTTP/1.1" 304 -
::1 - - [12/Jan/2025:23:04:50 +0000] "GET /api/leaderboard/get/1?start=0&end=9&dir=desc HTTP/1.1" 304 -
::1 - - [12/Jan/2025:23:04:54 +0000] "GET /api/leaderboard/get/1?start=0&end=9&dir=desc HTTP/1.1" 304 -
::1 - - [12/Jan/2025:23:04:55 +0000] "GET /api/leaderboard/get/1?start=0&end=9&dir=desc HTTP/1.1" 304 -
::1 - - [12/Jan/2025:23:05:04 +0000] "GET /api/leaderboard/get/1?start=0&end=9&dir=desc HTTP/1.1" 304 -
::1 - - [12/Jan/2025:23:05:05 +0000] "GET /api/leaderboard/get/1?start=0&end=9&dir=desc HTTP/1.1" 304 -
::1 - - [12/Jan/2025:23:05:11 +0000] "GET /api/leaderboard/get/1?start=0&end=9&dir=desc HTTP/1.1" 304 -
::1 - - [12/Jan/2025:23:05:12 +0000] "GET /api/leaderboard/get/1?start=0&end=9&dir=desc HTTP/1.1" 304 -
::1 - - [12/Jan/2025:23:05:13 +0000] "GET /api/leaderboard/get/1?start=0&end=9&dir=desc HTTP/1.1" 304 -
::1 - - [12/Jan/2025:23:05:15 +0000] "GET /api/leaderboard/get/1?start=0&end=9&dir=desc HTTP/1.1" 304 -
::1 - - [12/Jan/2025:23:05:15 +0000] "GET /api/leaderboard/get/1?start=0&end=9&dir=desc HTTP/1.1" 304 -
::1 - - [12/Jan/2025:23:05:16 +0000] "GET /api/leaderboard/get/1?start=0&end=9&dir=desc HTTP/1.1" 304 -
::1 - - [12/Jan/2025:23:06:17 +0000] "GET /api/leaderboard/get/1?start=0&end=9&dir=desc HTTP/1.1" 304 -
::1 - - [12/Jan/2025:23:06:39 +0000] "POST /api/user/login HTTP/1.1" 200 452
::1 - - [12/Jan/2025:23:07:07 +0000] "PUT /api/leaderboard/updatescore HTTP/1.1" 200 35
::1 - - [12/Jan/2025:23:07:17 +0000] "GET /api/leaderboard/get/1?start=0&end=9&dir=desc HTTP/1.1" 200 381
::1 - - [12/Jan/2025:23:07:23 +0000] "GET /api/leaderboard/get/1?start=0&end=9&dir=desc HTTP/1.1" 304 -
::1 - - [12/Jan/2025:23:07:28 +0000] "GET /api/leaderboard/get/1?start=0&end=9&dir=desc HTTP/1.1" 304 -
::1 - - [12/Jan/2025:23:07:29 +0000] "GET /api/leaderboard/get/1?start=0&end=9&dir=desc HTTP/1.1" 304 -
::1 - - [12/Jan/2025:23:07:54 +0000] "PUT /api/leaderboard/updatescore HTTP/1.1" 200 34
::1 - - [12/Jan/2025:23:08:11 +0000] "PUT /api/leaderboard/updatescore HTTP/1.1" 200 34
::1 - - [12/Jan/2025:23:08:21 +0000] "GET /api/leaderboard/get/1?start=0&end=9&dir=desc HTTP/1.1" 200 380
::1 - - [12/Jan/2025:23:08:24 +0000] "GET /api/leaderboard/get/1?start=0&end=9&dir=desc HTTP/1.1" 304 -
::1 - - [12/Jan/2025:23:08:26 +0000] "GET /api/leaderboard/get/1?start=0&end=9&dir=desc HTTP/1.1" 304 -
::1 - - [12/Jan/2025:23:08:33 +0000] "GET /api/leaderboard/get/1?start=0&end=9&dir=desc HTTP/1.1" 304 -
::ffff:127.0.0.1 - - [12/Jan/2025:23:08:42 +0000] "GET /api/leaderboard/get/1?start=0&end=9&dir=desc HTTP/1.1" 304 -
::1 - - [12/Jan/2025:23:08:54 +0000] "PUT /api/leaderboard/updatescore HTTP/1.1" 200 34
::1 - - [12/Jan/2025:23:09:03 +0000] "PUT /api/leaderboard/updatescore HTTP/1.1" 200 34
::ffff:127.0.0.1 - - [12/Jan/2025:23:09:23 +0000] "GET /api/leaderboard/get/1?start=0&end=9&dir=desc HTTP/1.1" 200 380
::1 - - [12/Jan/2025:23:09:45 +0000] "GET /api/leaderboard/get/1?start=0&end=9&dir=desc HTTP/1.1" 304 -
::1 - - [12/Jan/2025:23:09:57 +0000] "PUT /api/leaderboard/updatescore HTTP/1.1" 200 34
